{"/Users/paulcorbett/Documents/GitHub/www-template/src/server/views/helpers/resolveAsset/index.ts": {"path":"/Users/paulcorbett/Documents/GitHub/www-template/src/server/views/helpers/resolveAsset/index.ts","statementMap":{"0":{"start":{"line":1,"column":0},"end":{"line":1,"column":20}},"1":{"start":{"line":2,"column":0},"end":{"line":2,"column":24}},"2":{"start":{"line":15,"column":24},"end":{"line":15,"column":62}},"3":{"start":{"line":17,"column":2},"end":{"line":22,"column":null}},"4":{"start":{"line":18,"column":4},"end":{"line":20,"column":null}},"5":{"start":{"line":19,"column":6},"end":{"line":19,"column":42}},"6":{"start":{"line":21,"column":4},"end":{"line":21,"column":14}},"7":{"start":{"line":24,"column":2},"end":{"line":35,"column":null}},"8":{"start":{"line":25,"column":48},"end":{"line":29,"column":null}},"9":{"start":{"line":32,"column":4},"end":{"line":32,"column":50}},"10":{"start":{"line":34,"column":4},"end":{"line":34,"column":14}},"11":{"start":{"line":38,"column":9},"end":{"line":38,"column":21}}},"fnMap":{"0":{"name":"resolveAsset","decl":{"start":{"line":10,"column":9},"end":{"line":10,"column":21}},"loc":{"start":{"line":14,"column":21},"end":{"line":36,"column":1}}}},"branchMap":{"0":{"loc":{"start":{"line":12,"column":15},"end":{"line":12,"column":23}},"type":"default-arg","locations":[{"start":{"line":12,"column":15},"end":{"line":12,"column":23}}]},"1":{"loc":{"start":{"line":13,"column":15},"end":{"line":13,"column":23}},"type":"default-arg","locations":[{"start":{"line":13,"column":15},"end":{"line":13,"column":23}}]},"2":{"loc":{"start":{"line":17,"column":2},"end":{"line":22,"column":null}},"type":"if","locations":[{"start":{"line":17,"column":2},"end":{"line":22,"column":null}},{"start":{"line":17,"column":2},"end":{"line":22,"column":null}}]},"3":{"loc":{"start":{"line":18,"column":4},"end":{"line":20,"column":null}},"type":"if","locations":[{"start":{"line":18,"column":4},"end":{"line":20,"column":null}},{"start":{"line":18,"column":4},"end":{"line":20,"column":null}}]}},"s":{"0":1,"1":1,"2":4,"3":4,"4":2,"5":1,"6":1,"7":2,"8":2,"9":1,"10":1,"11":1},"f":{"0":4},"b":{"0":[4],"1":[4],"2":[2,2],"3":[1,1]}}
}
